<?xml version="1.0" encoding="UTF-8"?>
<!-- Generated by org.testng.reporters.JUnitReportReporter -->
<testsuite hostname="Hani-PC" failures="0" tests="1" name="Learn.Automation.P_08_DownloadFile" time="38.634" errors="0" timestamp="2021-07-24T20:37:10 IST" skipped="0">
  <testcase classname="Learn.Automation.P_08_DownloadFile" name="downLoadFile" time="38.634"/>
  <system-out/>
</testsuite> <!-- Learn.Automation.P_08_DownloadFile -->
