<?xml version="1.0" encoding="UTF-8"?>
<!-- Generated by org.testng.reporters.JUnitReportReporter -->
<testsuite hostname="sruthi-PC" failures="0" tests="2" name="Page_Object_model.TestCasesExecution" time="13.376" errors="0" timestamp="2021-04-02T08:53:41 IST" skipped="0">
  <testcase classname="Page_Object_model.TestCasesExecution" name="loginExecution" time="8.882"/>
  <system-out/>
  <testcase classname="Page_Object_model.TestCasesExecution" name="login" time="4.494"/>
  <system-out/>
</testsuite> <!-- Page_Object_model.TestCasesExecution -->
