<?xml version="1.0" encoding="UTF-8"?>
<!-- Generated by org.testng.reporters.JUnitReportReporter -->
<testsuite hostname="sruthi-PC" failures="0" tests="1" name="TestNG.Generic" time="21.886" errors="0" timestamp="2021-03-15T18:30:03 IST" skipped="0">
  <testcase classname="TestNG.Generic" name="Generiic" time="21.886"/>
  <system-out/>
</testsuite> <!-- TestNG.Generic -->
