<?xml version="1.0" encoding="UTF-8"?>
<!-- Generated by org.testng.reporters.JUnitReportReporter -->
<testsuite hostname="sruthi-PC" failures="0" tests="1" name="TestNG.Data_driven" time="3.521" errors="0" timestamp="2021-03-17T18:46:19 IST" skipped="0">
  <testcase classname="TestNG.Data_driven" name="Datadriven" time="3.521"/>
  <system-out/>
</testsuite> <!-- TestNG.Data_driven -->
