<?xml version="1.0" encoding="UTF-8"?>
<!-- Generated by org.testng.reporters.JUnitReportReporter -->
<testsuite hostname="sruthi-PC" failures="0" tests="1" name="TestNG.Get_options" time="9.558" errors="0" timestamp="2021-03-09T21:24:20 IST" skipped="0">
  <testcase classname="TestNG.Get_options" name="GetAlloptions" time="9.558"/>
  <system-out/>
</testsuite> <!-- TestNG.Get_options -->
