<?xml version="1.0" encoding="UTF-8"?>
<!-- Generated by org.testng.reporters.JUnitReportReporter -->
<testsuite hostname="sruthi-PC" failures="0" tests="1" name="TestNG.Frames" time="0.785" errors="0" timestamp="2021-03-17T20:56:03 IST" skipped="0">
  <testcase classname="TestNG.Frames" name="Frame" time="0.785"/>
  <system-out/>
</testsuite> <!-- TestNG.Frames -->
