<?xml version="1.0" encoding="UTF-8"?>
<!-- Generated by org.testng.reporters.JUnitReportReporter -->
<testsuite hostname="sruthi-PC" failures="0" tests="1" name="TestNG.Windows_popup1" time="16.001" errors="0" timestamp="2021-03-09T17:02:20 IST" skipped="0">
  <testcase classname="TestNG.Windows_popup1" name="popup" time="16.001"/>
  <system-out/>
</testsuite> <!-- TestNG.Windows_popup1 -->
