<?xml version="1.0" encoding="UTF-8"?>
<!-- Generated by org.testng.reporters.JUnitReportReporter -->
<testsuite hostname="sruthi-PC" failures="0" tests="1" name="TestNG.Creataccount" time="1.436" errors="0" timestamp="2021-03-19T21:36:09 IST" skipped="0">
  <testcase classname="TestNG.Creataccount" name="f" time="1.436"/>
  <system-out/>
</testsuite> <!-- TestNG.Creataccount -->
