<?xml version="1.0" encoding="UTF-8"?>
<!-- Generated by org.testng.reporters.JUnitReportReporter -->
<testsuite hostname="sruthi-PC" failures="0" tests="1" name="Alert.Mouseover" time="4.622" errors="0" timestamp="2021-03-19T09:04:13 IST" skipped="0">
  <testcase classname="Alert.Mouseover" name="f" time="4.622"/>
  <system-out/>
</testsuite> <!-- Alert.Mouseover -->
