<?xml version="1.0" encoding="UTF-8"?>
<!-- Generated by org.testng.reporters.JUnitReportReporter -->
<testsuite hostname="sruthi-PC" failures="0" tests="1" name="TestNG.Validation" time="1.409" errors="0" timestamp="2021-04-01T17:31:41 IST" skipped="0">
  <testcase classname="TestNG.Validation" name="Values_Validation" time="1.409"/>
  <system-out/>
</testsuite> <!-- TestNG.Validation -->
