<?xml version="1.0" encoding="UTF-8"?>
<!-- Generated by org.testng.reporters.JUnitReportReporter -->
<testsuite hostname="sruthi-PC" failures="0" tests="1" name="Alert.NewTest1" time="11.009" errors="0" timestamp="2021-03-05T14:30:56 IST" skipped="0">
  <testcase classname="Alert.NewTest1" name="f" time="11.009"/>
  <system-out/>
</testsuite> <!-- Alert.NewTest1 -->
