<?xml version="1.0" encoding="UTF-8"?>
<!-- Generated by org.testng.reporters.JUnitReportReporter -->
<testsuite hostname="sruthi-PC" failures="0" tests="1" name="TestNG.First_selected_option" time="2.008" errors="0" timestamp="2021-03-09T20:55:46 IST" skipped="0">
  <testcase classname="TestNG.First_selected_option" name="First_selectedoption" time="2.008"/>
  <system-out/>
</testsuite> <!-- TestNG.First_selected_option -->
