<?xml version="1.0" encoding="UTF-8"?>
<!-- Generated by org.testng.reporters.JUnitReportReporter -->
<testsuite hostname="sruthi-PC" failures="0" tests="1" name="TestNG.Printlinks" time="0.767" errors="0" timestamp="2021-03-17T21:59:13 IST" skipped="0">
  <testcase classname="TestNG.Printlinks" name="clickable" time="0.767"/>
  <system-out/>
</testsuite> <!-- TestNG.Printlinks -->
