<?xml version="1.0" encoding="UTF-8"?>
<!-- Generated by org.testng.reporters.JUnitReportReporter -->
<testsuite hostname="sruthi-PC" failures="0" tests="1" name="Alert.AlertType" time="10.203" errors="0" timestamp="2021-03-31T11:34:43 IST" skipped="0">
  <testcase classname="Alert.AlertType" name="Alert" time="10.203"/>
  <system-out/>
</testsuite> <!-- Alert.AlertType -->
