<?xml version="1.0" encoding="UTF-8"?>
<!-- Generated by org.testng.reporters.JUnitReportReporter -->
<testsuite hostname="sruthi-PC" failures="0" tests="1" name="TestNG.Choose_file" time="5.207" errors="0" timestamp="2021-03-10T10:21:59 IST" skipped="0">
  <testcase classname="TestNG.Choose_file" name="choosefile" time="5.207"/>
  <system-out/>
</testsuite> <!-- TestNG.Choose_file -->
