<?xml version="1.0" encoding="UTF-8"?>
<!-- Generated by org.testng.reporters.JUnitReportReporter -->
<testsuite hostname="sruthi-PC" failures="0" tests="1" name="TestNG.Boolean" time="0.808" errors="0" timestamp="2021-03-10T13:36:01 IST" skipped="0">
  <testcase classname="TestNG.Boolean" name="Boolean_TrueORFalse" time="0.808"/>
  <system-out/>
</testsuite> <!-- TestNG.Boolean -->
