<?xml version="1.0" encoding="UTF-8"?>
<!-- Generated by org.testng.reporters.JUnitReportReporter -->
<testsuite hostname="sruthi-PC" failures="0" tests="1" name="TestNG.Array" time="36.221" errors="0" timestamp="2021-03-12T13:01:46 IST" skipped="0">
  <testcase classname="TestNG.Array" name="Array_string" time="36.221"/>
  <system-out/>
</testsuite> <!-- TestNG.Array -->
