<?xml version="1.0" encoding="UTF-8"?>
<!-- Generated by org.testng.reporters.JUnitReportReporter -->
<testsuite hostname="sruthi-PC" failures="0" tests="1" name="TestNG.Scroll" time="0.218" errors="0" timestamp="2021-03-18T12:45:30 IST" skipped="0">
  <testcase classname="TestNG.Scroll" name="Scrollflow" time="0.218"/>
  <system-out/>
</testsuite> <!-- TestNG.Scroll -->
