<?xml version="1.0" encoding="UTF-8"?>
<!-- Generated by org.testng.reporters.JUnitReportReporter -->
<testsuite hostname="sruthi-PC" failures="0" tests="3" name="TestNG.Information_Command" time="1.365" errors="0" timestamp="2021-04-02T08:38:01 IST" skipped="0">
  <testcase classname="TestNG.Information_Command" name="Gmail" time="0.086"/>
  <system-out/>
  <testcase classname="TestNG.Information_Command" name="google_image" time="0.066"/>
  <system-out/>
  <testcase classname="TestNG.Information_Command" name="searchbutton" time="1.213"/>
  <system-out/>
</testsuite> <!-- TestNG.Information_Command -->
