<?xml version="1.0" encoding="UTF-8"?>
<!-- Generated by org.testng.reporters.JUnitReportReporter -->
<testsuite hostname="sruthi-PC" failures="0" tests="1" name="TestNG.Assert_Command" time="0.051" errors="0" timestamp="2021-03-13T08:54:21 IST" skipped="0">
  <testcase classname="TestNG.Assert_Command" name="Assert" time="0.051"/>
  <system-out/>
</testsuite> <!-- TestNG.Assert_Command -->
